PATH="/home/xj/RISCV/b-ext/build_riscv64/../scripts/wrapper/qemu:/home/xj/RISCV/gnu-riscv64/bin:/home/xj/RISCV/b-ext/build_riscv64/scripts/wrapper/sed:/home/xj/RISCV/gnu-riscv64/bin:/home/xj/RISCV/newlib/bin/:/home/xj/RISCV/riscv32/bin:/home/xj/RISCV/linux/bin/:/home/xj/.local/bin:/home/xj/RISCV/newlib/bin/:/home/xj/RISCV/riscv32/bin:/home/xj/RISCV/linux/bin/:/home/xj/.local/bin:/home/xj/RISCV/newlib/bin/:/home/xj/RISCV/linux/bin/:/home/xj/.local/bin:/usr/local/sbin:/usr/local/bin:/usr/sbin:/usr/bin:/sbin:/bin:/usr/games:/usr/local/games:/snap/bin" RISC_V_SYSROOT="/home/xj/RISCV/gnu-riscv64/sysroot" make -C build-binutils-newlib check-binutils check-gas check-ld -k "RUNTESTFLAGS=--target_board='riscv-sim/-march=rv64gc_zba_zbb_zbc_zbe_zbf_zbm_zbp_zbr_zbs_zbt/-mabi=lp64/-mcmodel=medlow '" || true
make[1]: Entering directory '/home/xj/RISCV/b-ext/build_riscv64/build-binutils-newlib'
make[2]: Entering directory '/home/xj/RISCV/b-ext/build_riscv64/build-binutils-newlib/binutils'
make  check-recursive
make[3]: Entering directory '/home/xj/RISCV/b-ext/build_riscv64/build-binutils-newlib/binutils'
Making check in doc
make[4]: Entering directory '/home/xj/RISCV/b-ext/build_riscv64/build-binutils-newlib/binutils/doc'
make[4]: Nothing to be done for 'check'.
make[4]: Leaving directory '/home/xj/RISCV/b-ext/build_riscv64/build-binutils-newlib/binutils/doc'
Making check in po
make[4]: Entering directory '/home/xj/RISCV/b-ext/build_riscv64/build-binutils-newlib/binutils/po'
make[4]: Nothing to be done for 'check'.
make[4]: Leaving directory '/home/xj/RISCV/b-ext/build_riscv64/build-binutils-newlib/binutils/po'
make[4]: Entering directory '/home/xj/RISCV/b-ext/build_riscv64/build-binutils-newlib/binutils'
make  check-DEJAGNU
make[5]: Entering directory '/home/xj/RISCV/b-ext/build_riscv64/build-binutils-newlib/binutils'
/usr/bin/grep -E "(development|experimental)=" /home/xj/RISCV/b-ext/build_riscv64/../riscv-binutils/binutils/../bfd/development.sh  \
  | /usr/bin/gawk -F= '{ print "set " $1 " " $2 }' > development.exp
Making a new site.exp file ...
srcdir=`cd /home/xj/RISCV/b-ext/build_riscv64/../riscv-binutils/binutils && pwd`; export srcdir; \
r=`pwd`; export r; \
LC_ALL=C; export LC_ALL; \
EXPECT=expect; export EXPECT; \
runtest=runtest; \
if /bin/bash -c "$runtest --version" > /dev/null 2>&1; then \
  CC="gcc" CC_FOR_BUILD="gcc" \
  CC_FOR_TARGET="riscv64-unknown-elf-gcc" CFLAGS_FOR_TARGET="-g -O2" \
	$runtest --tool binutils --srcdir ${srcdir}/testsuite \
		--target_board='riscv-sim/-march=rv64gc_zba_zbb_zbc_zbe_zbf_zbm_zbp_zbr_zbs_zbt/-mabi=lp64/-mcmodel=medlow '; \
else echo "WARNING: could not find \`runtest'" 1>&2; :;\
fi
WARNING: Couldn't find the global config file.
WARNING: Couldn't find tool init file
Test run by xj on Thu Jul  1 03:53:16 2021
Target is riscv64-unknown-elf
Host   is x86_64-pc-linux-gnu

		=== binutils tests ===

Schedule of variations:
    riscv-sim/-march=rv64gc_zba_zbb_zbc_zbe_zbf_zbm_zbp_zbr_zbs_zbt/-mabi=lp64/-mcmodel=medlow

Running target riscv-sim/-march=rv64gc_zba_zbb_zbc_zbe_zbf_zbm_zbp_zbr_zbs_zbt/-mabi=lp64/-mcmodel=medlow
Using /home/xj/RISCV/gnu-riscv64/share/dejagnu/baseboards/riscv-sim.exp as board description file for target.
Using /home/xj/RISCV/gnu-riscv64/share/dejagnu/config/sim.exp as generic interface file for target.
Using /home/xj/RISCV/gnu-riscv64/share/dejagnu/baseboards/basic-sim.exp as board description file for target.
Using /home/xj/RISCV/b-ext/riscv-binutils/binutils/testsuite/config/default.exp as tool-and-target-specific interface file.
Running /home/xj/RISCV/b-ext/riscv-binutils/binutils/testsuite/binutils-all/aarch64/aarch64.exp ...
Running /home/xj/RISCV/b-ext/riscv-binutils/binutils/testsuite/binutils-all/ar.exp ...
Running /home/xj/RISCV/b-ext/riscv-binutils/binutils/testsuite/binutils-all/arc/objdump.exp ...
Running /home/xj/RISCV/b-ext/riscv-binutils/binutils/testsuite/binutils-all/arm/objdump.exp ...
Running /home/xj/RISCV/b-ext/riscv-binutils/binutils/testsuite/binutils-all/bfin/objdump.exp ...
Running /home/xj/RISCV/b-ext/riscv-binutils/binutils/testsuite/binutils-all/compress.exp ...
Running /home/xj/RISCV/b-ext/riscv-binutils/binutils/testsuite/binutils-all/cxxfilt.exp ...
Running /home/xj/RISCV/b-ext/riscv-binutils/binutils/testsuite/binutils-all/debuginfod.exp ...
Running /home/xj/RISCV/b-ext/riscv-binutils/binutils/testsuite/binutils-all/dlltool.exp ...
Running /home/xj/RISCV/b-ext/riscv-binutils/binutils/testsuite/binutils-all/elfedit.exp ...
Running /home/xj/RISCV/b-ext/riscv-binutils/binutils/testsuite/binutils-all/hppa/objdump.exp ...
Running /home/xj/RISCV/b-ext/riscv-binutils/binutils/testsuite/binutils-all/i386/i386.exp ...
Running /home/xj/RISCV/b-ext/riscv-binutils/binutils/testsuite/binutils-all/m68k/objdump.exp ...
Running /home/xj/RISCV/b-ext/riscv-binutils/binutils/testsuite/binutils-all/mips/mips.exp ...
Running /home/xj/RISCV/b-ext/riscv-binutils/binutils/testsuite/binutils-all/nfp/objdump.exp ...
Running /home/xj/RISCV/b-ext/riscv-binutils/binutils/testsuite/binutils-all/nm.exp ...
Version /home/xj/RISCV/b-ext/build_riscv64/build-binutils-newlib/binutils/nm-new 2.36.1
Running /home/xj/RISCV/b-ext/riscv-binutils/binutils/testsuite/binutils-all/objcopy.exp ...
Version /home/xj/RISCV/b-ext/build_riscv64/build-binutils-newlib/binutils/objcopy 2.36.1
Running /home/xj/RISCV/b-ext/riscv-binutils/binutils/testsuite/binutils-all/objdump.exp ...
Version /home/xj/RISCV/b-ext/build_riscv64/build-binutils-newlib/binutils/objdump 2.36.1
Running /home/xj/RISCV/b-ext/riscv-binutils/binutils/testsuite/binutils-all/readelf.exp ...
Version /home/xj/RISCV/b-ext/build_riscv64/build-binutils-newlib/binutils/readelf 2.36.1
Running /home/xj/RISCV/b-ext/riscv-binutils/binutils/testsuite/binutils-all/size.exp ...
Version /home/xj/RISCV/b-ext/build_riscv64/build-binutils-newlib/binutils/size 2.36.1
Running /home/xj/RISCV/b-ext/riscv-binutils/binutils/testsuite/binutils-all/strings.exp ...
Running /home/xj/RISCV/b-ext/riscv-binutils/binutils/testsuite/binutils-all/update-section.exp ...
Version /home/xj/RISCV/b-ext/build_riscv64/build-binutils-newlib/binutils/objcopy 2.36.1
Running /home/xj/RISCV/b-ext/riscv-binutils/binutils/testsuite/binutils-all/vax/objdump.exp ...
Running /home/xj/RISCV/b-ext/riscv-binutils/binutils/testsuite/binutils-all/wasm32/wasm32.exp ...
Running /home/xj/RISCV/b-ext/riscv-binutils/binutils/testsuite/binutils-all/windres/windres.exp ...
Running /home/xj/RISCV/b-ext/riscv-binutils/binutils/testsuite/binutils-all/x86-64/objects.exp ...
Running /home/xj/RISCV/b-ext/riscv-binutils/binutils/testsuite/binutils-all/x86-64/x86-64.exp ...

		=== binutils Summary ===

# of expected passes		217
# of expected failures		1
# of unsupported tests		12
make[5]: Leaving directory '/home/xj/RISCV/b-ext/build_riscv64/build-binutils-newlib/binutils'
make[4]: Leaving directory '/home/xj/RISCV/b-ext/build_riscv64/build-binutils-newlib/binutils'
make[3]: Leaving directory '/home/xj/RISCV/b-ext/build_riscv64/build-binutils-newlib/binutils'
make[2]: Leaving directory '/home/xj/RISCV/b-ext/build_riscv64/build-binutils-newlib/binutils'
make[2]: Entering directory '/home/xj/RISCV/b-ext/build_riscv64/build-binutils-newlib/gas'
Making check in doc
make[3]: Entering directory '/home/xj/RISCV/b-ext/build_riscv64/build-binutils-newlib/gas/doc'
make[3]: Nothing to be done for 'check'.
make[3]: Leaving directory '/home/xj/RISCV/b-ext/build_riscv64/build-binutils-newlib/gas/doc'
Making check in po
make[3]: Entering directory '/home/xj/RISCV/b-ext/build_riscv64/build-binutils-newlib/gas/po'
make[3]: Nothing to be done for 'check'.
make[3]: Leaving directory '/home/xj/RISCV/b-ext/build_riscv64/build-binutils-newlib/gas/po'
make[3]: Entering directory '/home/xj/RISCV/b-ext/build_riscv64/build-binutils-newlib/gas'
make  check-DEJAGNU
make[4]: Entering directory '/home/xj/RISCV/b-ext/build_riscv64/build-binutils-newlib/gas'
/usr/bin/grep -E "(development|experimental)=" /home/xj/RISCV/b-ext/build_riscv64/../riscv-binutils/gas/../bfd/development.sh  \
  | /usr/bin/gawk -F= '{ print "set " $1 " " $2 }' > development.exp
Making a new site.exp file ...
if [ -d testsuite ]; then \
  true; \
else \
  mkdir testsuite; \
fi
rm -f testsuite/site.exp
cp site.exp testsuite/site.exp
rootme=`pwd`; export rootme; \
srcdir=`cd /home/xj/RISCV/b-ext/build_riscv64/../riscv-binutils/gas; pwd` ; export srcdir ; \
LC_ALL=C; export LC_ALL; \
EXPECT=expect ; export EXPECT ; \
runtest=runtest; \
cd testsuite; \
if /bin/bash -c "$runtest --version" > /dev/null 2>&1; then \
  $runtest --tool gas --srcdir ${srcdir}/testsuite \
	--target_board='riscv-sim/-march=rv64gc_zba_zbb_zbc_zbe_zbf_zbm_zbp_zbr_zbs_zbt/-mabi=lp64/-mcmodel=medlow '; \
else echo "WARNING: could not find \`runtest'" 1>&2; :;\
fi
WARNING: Couldn't find the global config file.
WARNING: Couldn't find tool init file
Test run by xj on Thu Jul  1 03:53:19 2021
Target is riscv64-unknown-elf
Host   is x86_64-pc-linux-gnu

		=== gas tests ===

Schedule of variations:
    riscv-sim/-march=rv64gc_zba_zbb_zbc_zbe_zbf_zbm_zbp_zbr_zbs_zbt/-mabi=lp64/-mcmodel=medlow

Running target riscv-sim/-march=rv64gc_zba_zbb_zbc_zbe_zbf_zbm_zbp_zbr_zbs_zbt/-mabi=lp64/-mcmodel=medlow
Using /home/xj/RISCV/gnu-riscv64/share/dejagnu/baseboards/riscv-sim.exp as board description file for target.
Using /home/xj/RISCV/gnu-riscv64/share/dejagnu/config/sim.exp as generic interface file for target.
Using /home/xj/RISCV/gnu-riscv64/share/dejagnu/baseboards/basic-sim.exp as board description file for target.
Using /home/xj/RISCV/b-ext/riscv-binutils/gas/testsuite/config/default.exp as tool-and-target-specific interface file.
Running /home/xj/RISCV/b-ext/riscv-binutils/gas/testsuite/gas/aarch64/aarch64.exp ...
Running /home/xj/RISCV/b-ext/riscv-binutils/gas/testsuite/gas/all/gas.exp ...
Running /home/xj/RISCV/b-ext/riscv-binutils/gas/testsuite/gas/alpha/alpha.exp ...
Running /home/xj/RISCV/b-ext/riscv-binutils/gas/testsuite/gas/arc/arc.exp ...
Running /home/xj/RISCV/b-ext/riscv-binutils/gas/testsuite/gas/arc/warn.exp ...
Running /home/xj/RISCV/b-ext/riscv-binutils/gas/testsuite/gas/arm/arm.exp ...
Running /home/xj/RISCV/b-ext/riscv-binutils/gas/testsuite/gas/avr/avr.exp ...
Running /home/xj/RISCV/b-ext/riscv-binutils/gas/testsuite/gas/bfin/bfin.exp ...
Running /home/xj/RISCV/b-ext/riscv-binutils/gas/testsuite/gas/bfin/error.exp ...
Running /home/xj/RISCV/b-ext/riscv-binutils/gas/testsuite/gas/bpf/bpf.exp ...
Running /home/xj/RISCV/b-ext/riscv-binutils/gas/testsuite/gas/cfi/cfi.exp ...
Running /home/xj/RISCV/b-ext/riscv-binutils/gas/testsuite/gas/cr16/cr16.exp ...
Running /home/xj/RISCV/b-ext/riscv-binutils/gas/testsuite/gas/cr16/pic.exp ...
Running /home/xj/RISCV/b-ext/riscv-binutils/gas/testsuite/gas/cris/cris.exp ...
Running /home/xj/RISCV/b-ext/riscv-binutils/gas/testsuite/gas/crx/allinsn.exp ...
Running /home/xj/RISCV/b-ext/riscv-binutils/gas/testsuite/gas/csky/csky.exp ...
Running /home/xj/RISCV/b-ext/riscv-binutils/gas/testsuite/gas/d10v/d10v.exp ...
Running /home/xj/RISCV/b-ext/riscv-binutils/gas/testsuite/gas/d30v/d30.exp ...
Running /home/xj/RISCV/b-ext/riscv-binutils/gas/testsuite/gas/dlx/alltests.exp ...
Running /home/xj/RISCV/b-ext/riscv-binutils/gas/testsuite/gas/elf/elf.exp ...
Running /home/xj/RISCV/b-ext/riscv-binutils/gas/testsuite/gas/epiphany/allinsn.exp ...
Running /home/xj/RISCV/b-ext/riscv-binutils/gas/testsuite/gas/fr30/allinsn.exp ...
Running /home/xj/RISCV/b-ext/riscv-binutils/gas/testsuite/gas/fr30/fr30.exp ...
Running /home/xj/RISCV/b-ext/riscv-binutils/gas/testsuite/gas/frv/allinsn.exp ...
Running /home/xj/RISCV/b-ext/riscv-binutils/gas/testsuite/gas/ft32/ft32.exp ...
Running /home/xj/RISCV/b-ext/riscv-binutils/gas/testsuite/gas/h8300/h8300-elf.exp ...
Running /home/xj/RISCV/b-ext/riscv-binutils/gas/testsuite/gas/h8300/h8300.exp ...
Running /home/xj/RISCV/b-ext/riscv-binutils/gas/testsuite/gas/h8300/t01_mov.exp ...
Running /home/xj/RISCV/b-ext/riscv-binutils/gas/testsuite/gas/h8300/t02_mova.exp ...
Running /home/xj/RISCV/b-ext/riscv-binutils/gas/testsuite/gas/h8300/t03_add.exp ...
Running /home/xj/RISCV/b-ext/riscv-binutils/gas/testsuite/gas/h8300/t04_sub.exp ...
Running /home/xj/RISCV/b-ext/riscv-binutils/gas/testsuite/gas/h8300/t05_cmp.exp ...
Running /home/xj/RISCV/b-ext/riscv-binutils/gas/testsuite/gas/h8300/t06_ari2.exp ...
Running /home/xj/RISCV/b-ext/riscv-binutils/gas/testsuite/gas/h8300/t07_ari3.exp ...
Running /home/xj/RISCV/b-ext/riscv-binutils/gas/testsuite/gas/h8300/t08_or.exp ...
Running /home/xj/RISCV/b-ext/riscv-binutils/gas/testsuite/gas/h8300/t09_xor.exp ...
Running /home/xj/RISCV/b-ext/riscv-binutils/gas/testsuite/gas/h8300/t10_and.exp ...
Running /home/xj/RISCV/b-ext/riscv-binutils/gas/testsuite/gas/h8300/t11_logs.exp ...
Running /home/xj/RISCV/b-ext/riscv-binutils/gas/testsuite/gas/h8300/t12_bit.exp ...
Running /home/xj/RISCV/b-ext/riscv-binutils/gas/testsuite/gas/h8300/t13_otr.exp ...
Running /home/xj/RISCV/b-ext/riscv-binutils/gas/testsuite/gas/hppa/basic/basic.exp ...
Running /home/xj/RISCV/b-ext/riscv-binutils/gas/testsuite/gas/hppa/parse/parse.exp ...
Running /home/xj/RISCV/b-ext/riscv-binutils/gas/testsuite/gas/hppa/reloc/reloc.exp ...
Running /home/xj/RISCV/b-ext/riscv-binutils/gas/testsuite/gas/hppa/unsorted/unsorted.exp ...
Running /home/xj/RISCV/b-ext/riscv-binutils/gas/testsuite/gas/i386/i386.exp ...
Running /home/xj/RISCV/b-ext/riscv-binutils/gas/testsuite/gas/i386/ilp32/cfi/ilp32.exp ...
Running /home/xj/RISCV/b-ext/riscv-binutils/gas/testsuite/gas/i386/ilp32/elf/ilp32.exp ...
Running /home/xj/RISCV/b-ext/riscv-binutils/gas/testsuite/gas/i386/ilp32/ilp32.exp ...
Running /home/xj/RISCV/b-ext/riscv-binutils/gas/testsuite/gas/i386/ilp32/lns/ilp32.exp ...
Running /home/xj/RISCV/b-ext/riscv-binutils/gas/testsuite/gas/i386/solaris/solaris.exp ...
Running /home/xj/RISCV/b-ext/riscv-binutils/gas/testsuite/gas/ia64/ia64.exp ...
Running /home/xj/RISCV/b-ext/riscv-binutils/gas/testsuite/gas/ieee-fp/x930509a.exp ...
Running /home/xj/RISCV/b-ext/riscv-binutils/gas/testsuite/gas/ip2k/ip2k-allinsn.exp ...
Running /home/xj/RISCV/b-ext/riscv-binutils/gas/testsuite/gas/iq2000/allinsn.exp ...
Running /home/xj/RISCV/b-ext/riscv-binutils/gas/testsuite/gas/iq2000/load-hazards.exp ...
Running /home/xj/RISCV/b-ext/riscv-binutils/gas/testsuite/gas/iq2000/odd-ldw.exp ...
Running /home/xj/RISCV/b-ext/riscv-binutils/gas/testsuite/gas/iq2000/odd-sdw.exp ...
Running /home/xj/RISCV/b-ext/riscv-binutils/gas/testsuite/gas/iq2000/yield.exp ...
Running /home/xj/RISCV/b-ext/riscv-binutils/gas/testsuite/gas/lm32/all.exp ...
Running /home/xj/RISCV/b-ext/riscv-binutils/gas/testsuite/gas/lns/lns.exp ...
Running /home/xj/RISCV/b-ext/riscv-binutils/gas/testsuite/gas/m32r/allinsn.exp ...
Running /home/xj/RISCV/b-ext/riscv-binutils/gas/testsuite/gas/m32r/error.exp ...
Running /home/xj/RISCV/b-ext/riscv-binutils/gas/testsuite/gas/m32r/m32r.exp ...
Running /home/xj/RISCV/b-ext/riscv-binutils/gas/testsuite/gas/m32r/m32r2.exp ...
Running /home/xj/RISCV/b-ext/riscv-binutils/gas/testsuite/gas/m32r/m32rx.exp ...
Running /home/xj/RISCV/b-ext/riscv-binutils/gas/testsuite/gas/m32r/pic.exp ...
Running /home/xj/RISCV/b-ext/riscv-binutils/gas/testsuite/gas/m32r/rel32.exp ...
Running /home/xj/RISCV/b-ext/riscv-binutils/gas/testsuite/gas/m68hc11/m68hc11.exp ...
Running /home/xj/RISCV/b-ext/riscv-binutils/gas/testsuite/gas/m68k/all.exp ...
Running /home/xj/RISCV/b-ext/riscv-binutils/gas/testsuite/gas/mach-o/mach-o.exp ...
Running /home/xj/RISCV/b-ext/riscv-binutils/gas/testsuite/gas/macros/macros.exp ...
Running /home/xj/RISCV/b-ext/riscv-binutils/gas/testsuite/gas/mcore/allinsn.exp ...
Running /home/xj/RISCV/b-ext/riscv-binutils/gas/testsuite/gas/mep/allinsn.exp ...
Running /home/xj/RISCV/b-ext/riscv-binutils/gas/testsuite/gas/mep/complex-relocs.exp ...
Running /home/xj/RISCV/b-ext/riscv-binutils/gas/testsuite/gas/metag/metag.exp ...
Running /home/xj/RISCV/b-ext/riscv-binutils/gas/testsuite/gas/microblaze/allinsn.exp ...
Running /home/xj/RISCV/b-ext/riscv-binutils/gas/testsuite/gas/microblaze/endian.exp ...
Running /home/xj/RISCV/b-ext/riscv-binutils/gas/testsuite/gas/microblaze/relax_size.exp ...
Running /home/xj/RISCV/b-ext/riscv-binutils/gas/testsuite/gas/microblaze/reloc_sym.exp ...
Running /home/xj/RISCV/b-ext/riscv-binutils/gas/testsuite/gas/microblaze/special_reg.exp ...
Running /home/xj/RISCV/b-ext/riscv-binutils/gas/testsuite/gas/mips/mips.exp ...
Running /home/xj/RISCV/b-ext/riscv-binutils/gas/testsuite/gas/mmix/mmix-err.exp ...
Running /home/xj/RISCV/b-ext/riscv-binutils/gas/testsuite/gas/mmix/mmix-list.exp ...
Running /home/xj/RISCV/b-ext/riscv-binutils/gas/testsuite/gas/mmix/mmix.exp ...
Running /home/xj/RISCV/b-ext/riscv-binutils/gas/testsuite/gas/mn10200/basic.exp ...
Running /home/xj/RISCV/b-ext/riscv-binutils/gas/testsuite/gas/mn10300/basic.exp ...
Running /home/xj/RISCV/b-ext/riscv-binutils/gas/testsuite/gas/mri/mri.exp ...
Running /home/xj/RISCV/b-ext/riscv-binutils/gas/testsuite/gas/msp430/msp430.exp ...
Running /home/xj/RISCV/b-ext/riscv-binutils/gas/testsuite/gas/mt/errors.exp ...
Running /home/xj/RISCV/b-ext/riscv-binutils/gas/testsuite/gas/mt/mt.exp ...
Running /home/xj/RISCV/b-ext/riscv-binutils/gas/testsuite/gas/mt/relocs.exp ...
Running /home/xj/RISCV/b-ext/riscv-binutils/gas/testsuite/gas/nds32/nds32.exp ...
Running /home/xj/RISCV/b-ext/riscv-binutils/gas/testsuite/gas/nios2/nios2.exp ...
Running /home/xj/RISCV/b-ext/riscv-binutils/gas/testsuite/gas/or1k/or1k.exp ...
Running /home/xj/RISCV/b-ext/riscv-binutils/gas/testsuite/gas/pdp11/pdp11.exp ...
Running /home/xj/RISCV/b-ext/riscv-binutils/gas/testsuite/gas/pe/pe.exp ...
Running /home/xj/RISCV/b-ext/riscv-binutils/gas/testsuite/gas/pj/pj.exp ...
Running /home/xj/RISCV/b-ext/riscv-binutils/gas/testsuite/gas/ppc/aix.exp ...
Running /home/xj/RISCV/b-ext/riscv-binutils/gas/testsuite/gas/ppc/ppc.exp ...
Running /home/xj/RISCV/b-ext/riscv-binutils/gas/testsuite/gas/pru/pru.exp ...
Running /home/xj/RISCV/b-ext/riscv-binutils/gas/testsuite/gas/riscv/riscv.exp ...
Running /home/xj/RISCV/b-ext/riscv-binutils/gas/testsuite/gas/rl78/rl78.exp ...
Running /home/xj/RISCV/b-ext/riscv-binutils/gas/testsuite/gas/rx/rx.exp ...
Running /home/xj/RISCV/b-ext/riscv-binutils/gas/testsuite/gas/s12z/s12z.exp ...
Running /home/xj/RISCV/b-ext/riscv-binutils/gas/testsuite/gas/s390/s390.exp ...
Running /home/xj/RISCV/b-ext/riscv-binutils/gas/testsuite/gas/score/relax.exp ...
Running /home/xj/RISCV/b-ext/riscv-binutils/gas/testsuite/gas/score/relax_32.exp ...
Running /home/xj/RISCV/b-ext/riscv-binutils/gas/testsuite/gas/sh/arch/arch.exp ...
Running /home/xj/RISCV/b-ext/riscv-binutils/gas/testsuite/gas/sh/basic.exp ...
Running /home/xj/RISCV/b-ext/riscv-binutils/gas/testsuite/gas/sh/err.exp ...
Running /home/xj/RISCV/b-ext/riscv-binutils/gas/testsuite/gas/sparc-solaris/addend.exp ...
Running /home/xj/RISCV/b-ext/riscv-binutils/gas/testsuite/gas/sparc-solaris/gas.exp ...
Running /home/xj/RISCV/b-ext/riscv-binutils/gas/testsuite/gas/sparc/mismatch.exp ...
Running /home/xj/RISCV/b-ext/riscv-binutils/gas/testsuite/gas/sparc/sparc.exp ...
Running /home/xj/RISCV/b-ext/riscv-binutils/gas/testsuite/gas/symver/symver.exp ...
Running /home/xj/RISCV/b-ext/riscv-binutils/gas/testsuite/gas/tic4x/tic4x.exp ...
Running /home/xj/RISCV/b-ext/riscv-binutils/gas/testsuite/gas/tic54x/tic54x.exp ...
Running /home/xj/RISCV/b-ext/riscv-binutils/gas/testsuite/gas/tic6x/tic6x.exp ...
Running /home/xj/RISCV/b-ext/riscv-binutils/gas/testsuite/gas/tilegx/tilegx.exp ...
Running /home/xj/RISCV/b-ext/riscv-binutils/gas/testsuite/gas/tilepro/tilepro.exp ...
Running /home/xj/RISCV/b-ext/riscv-binutils/gas/testsuite/gas/v850/basic.exp ...
Running /home/xj/RISCV/b-ext/riscv-binutils/gas/testsuite/gas/vax/vax.exp ...
Running /home/xj/RISCV/b-ext/riscv-binutils/gas/testsuite/gas/visium/error.exp ...
Running /home/xj/RISCV/b-ext/riscv-binutils/gas/testsuite/gas/visium/visium.exp ...
Running /home/xj/RISCV/b-ext/riscv-binutils/gas/testsuite/gas/wasm32/wasm32.exp ...
Running /home/xj/RISCV/b-ext/riscv-binutils/gas/testsuite/gas/xc16x/xc16x.exp ...
Running /home/xj/RISCV/b-ext/riscv-binutils/gas/testsuite/gas/xgate/xgate.exp ...
Running /home/xj/RISCV/b-ext/riscv-binutils/gas/testsuite/gas/xstormy16/allinsn.exp ...
Running /home/xj/RISCV/b-ext/riscv-binutils/gas/testsuite/gas/xtensa/all.exp ...
Running /home/xj/RISCV/b-ext/riscv-binutils/gas/testsuite/gas/xtensa/xtensa-err.exp ...
Running /home/xj/RISCV/b-ext/riscv-binutils/gas/testsuite/gas/z80/z80.exp ...
Running /home/xj/RISCV/b-ext/riscv-binutils/gas/testsuite/gas/z8k/z8k.exp ...

		=== gas Summary ===

# of expected passes		339
# of expected failures		15
# of unsupported tests		13
/home/xj/RISCV/b-ext/build_riscv64/build-binutils-newlib/gas/as-new 2.36.1

make[4]: Leaving directory '/home/xj/RISCV/b-ext/build_riscv64/build-binutils-newlib/gas'
make[3]: Leaving directory '/home/xj/RISCV/b-ext/build_riscv64/build-binutils-newlib/gas'
make[2]: Leaving directory '/home/xj/RISCV/b-ext/build_riscv64/build-binutils-newlib/gas'
make[2]: Entering directory '/home/xj/RISCV/b-ext/build_riscv64/build-binutils-newlib/ld'
make  check-recursive
make[3]: Entering directory '/home/xj/RISCV/b-ext/build_riscv64/build-binutils-newlib/ld'
Making check in po
make[4]: Entering directory '/home/xj/RISCV/b-ext/build_riscv64/build-binutils-newlib/ld/po'
make[4]: Nothing to be done for 'check'.
make[4]: Leaving directory '/home/xj/RISCV/b-ext/build_riscv64/build-binutils-newlib/ld/po'
make[4]: Entering directory '/home/xj/RISCV/b-ext/build_riscv64/build-binutils-newlib/ld'
make  check-DEJAGNU
make[5]: Entering directory '/home/xj/RISCV/b-ext/build_riscv64/build-binutils-newlib/ld'
/usr/bin/grep -E "(development|experimental)=" /home/xj/RISCV/b-ext/build_riscv64/../riscv-binutils/ld/../bfd/development.sh  \
  | /usr/bin/gawk -F= '{ print "set " $1 " " $2 }' > development.exp
echo "set enable_libctf yes" >> enablings.exp
Making a new site.exp file ...
srcroot=`cd /home/xj/RISCV/b-ext/build_riscv64/../riscv-binutils/ld && pwd`; export srcroot; \
r=`pwd`; export r; \
LC_ALL=C; export LC_ALL; \
EXPECT=expect; export EXPECT; \
runtest=runtest; \
if /bin/bash -c "$runtest --version" > /dev/null 2>&1; then \
  $runtest --tool ld --srcdir ${srcroot}/testsuite \
	CC="riscv64-unknown-elf-gcc" CFLAGS="-g -O2" \
	CXX="riscv64-unknown-elf-c++" CXXFLAGS="-g -O2" \
	CC_FOR_HOST="gcc" CFLAGS_FOR_HOST="-g -O2" \
	OFILES="ldgram.o ldlex-wrapper.o lexsup.o ldlang.o mri.o ldctor.o ldmain.o plugin.o ldwrite.o ldexp.o  ldemul.o ldver.o ldmisc.o ldfile.o ldcref.o eelf64lriscv.o eelf32lriscv.o eelf64briscv.o eelf32briscv.o ldelf.o ldelfgen.o ldbuildid.o" BFDLIB="../bfd/.libs/libbfd.a" CTFLIB="../libctf/.libs/libctf.a -L./../zlib -lz" \
	LIBIBERTY="../libiberty/libiberty.a " LIBS="-ldl " \
	DO_COMPARE="`echo 'cmp --ignore-initial=16 $f1 $f2' | sed -e 's,\\$,,g'`" \
	--target_board='riscv-sim/-march=rv64gc_zba_zbb_zbc_zbe_zbf_zbm_zbp_zbr_zbs_zbt/-mabi=lp64/-mcmodel=medlow '; \
else echo "WARNING: could not find \`runtest'" 1>&2; :;\
fi
WARNING: Couldn't find the global config file.
WARNING: Couldn't find tool init file
Test run by xj on Thu Jul  1 03:53:22 2021
Target is riscv64-unknown-elf
Host   is x86_64-pc-linux-gnu

		=== ld tests ===

Schedule of variations:
    riscv-sim/-march=rv64gc_zba_zbb_zbc_zbe_zbf_zbm_zbp_zbr_zbs_zbt/-mabi=lp64/-mcmodel=medlow

Running target riscv-sim/-march=rv64gc_zba_zbb_zbc_zbe_zbf_zbm_zbp_zbr_zbs_zbt/-mabi=lp64/-mcmodel=medlow
Using /home/xj/RISCV/gnu-riscv64/share/dejagnu/baseboards/riscv-sim.exp as board description file for target.
Using /home/xj/RISCV/gnu-riscv64/share/dejagnu/config/sim.exp as generic interface file for target.
Using /home/xj/RISCV/gnu-riscv64/share/dejagnu/baseboards/basic-sim.exp as board description file for target.
Using /home/xj/RISCV/b-ext/riscv-binutils/ld/testsuite/config/default.exp as tool-and-target-specific interface file.
Running /home/xj/RISCV/b-ext/riscv-binutils/ld/testsuite/ld-aarch64/aarch64-elf.exp ...
Running /home/xj/RISCV/b-ext/riscv-binutils/ld/testsuite/ld-alpha/alpha.exp ...
Running /home/xj/RISCV/b-ext/riscv-binutils/ld/testsuite/ld-arc/arc.exp ...
Running /home/xj/RISCV/b-ext/riscv-binutils/ld/testsuite/ld-arm/arm-elf.exp ...
Running /home/xj/RISCV/b-ext/riscv-binutils/ld/testsuite/ld-arm/export-class.exp ...
Running /home/xj/RISCV/b-ext/riscv-binutils/ld/testsuite/ld-auto-import/auto-import.exp ...
Running /home/xj/RISCV/b-ext/riscv-binutils/ld/testsuite/ld-avr/avr.exp ...
Running /home/xj/RISCV/b-ext/riscv-binutils/ld/testsuite/ld-bootstrap/bootstrap.exp ...
Running /home/xj/RISCV/b-ext/riscv-binutils/ld/testsuite/ld-bpf/bpf.exp ...
Running /home/xj/RISCV/b-ext/riscv-binutils/ld/testsuite/ld-cdtest/cdtest.exp ...
Running /home/xj/RISCV/b-ext/riscv-binutils/ld/testsuite/ld-checks/checks.exp ...
Running /home/xj/RISCV/b-ext/riscv-binutils/ld/testsuite/ld-cris/cris.exp ...
Running /home/xj/RISCV/b-ext/riscv-binutils/ld/testsuite/ld-crx/crx.exp ...
Running /home/xj/RISCV/b-ext/riscv-binutils/ld/testsuite/ld-csky/csky.exp ...
Running /home/xj/RISCV/b-ext/riscv-binutils/ld/testsuite/ld-ctf/ctf.exp ...
Running /home/xj/RISCV/b-ext/riscv-binutils/ld/testsuite/ld-cygwin/exe-export.exp ...
Running /home/xj/RISCV/b-ext/riscv-binutils/ld/testsuite/ld-d10v/d10v.exp ...
Running /home/xj/RISCV/b-ext/riscv-binutils/ld/testsuite/ld-discard/discard.exp ...
Running /home/xj/RISCV/b-ext/riscv-binutils/ld/testsuite/ld-dynamic/export-dynamic-symbol.exp ...
Running /home/xj/RISCV/b-ext/riscv-binutils/ld/testsuite/ld-elf/audit.exp ...
Running /home/xj/RISCV/b-ext/riscv-binutils/ld/testsuite/ld-elf/binutils.exp ...
Running /home/xj/RISCV/b-ext/riscv-binutils/ld/testsuite/ld-elf/comm-data.exp ...
Running /home/xj/RISCV/b-ext/riscv-binutils/ld/testsuite/ld-elf/compress.exp ...
Running /home/xj/RISCV/b-ext/riscv-binutils/ld/testsuite/ld-elf/dwarf.exp ...
Running /home/xj/RISCV/b-ext/riscv-binutils/ld/testsuite/ld-elf/eh-group.exp ...
Running /home/xj/RISCV/b-ext/riscv-binutils/ld/testsuite/ld-elf/elf.exp ...
FAIL: Run pr26391-5
FAIL: Run pr26391-6
Running /home/xj/RISCV/b-ext/riscv-binutils/ld/testsuite/ld-elf/exclude.exp ...
Running /home/xj/RISCV/b-ext/riscv-binutils/ld/testsuite/ld-elf/export-class.exp ...
Running /home/xj/RISCV/b-ext/riscv-binutils/ld/testsuite/ld-elf/frame.exp ...
Running /home/xj/RISCV/b-ext/riscv-binutils/ld/testsuite/ld-elf/indirect.exp ...
Running /home/xj/RISCV/b-ext/riscv-binutils/ld/testsuite/ld-elf/linux-x86.exp ...
Running /home/xj/RISCV/b-ext/riscv-binutils/ld/testsuite/ld-elf/notes.exp ...
Running /home/xj/RISCV/b-ext/riscv-binutils/ld/testsuite/ld-elf/provide-hidden.exp ...
Running /home/xj/RISCV/b-ext/riscv-binutils/ld/testsuite/ld-elf/readelf.exp ...
Running /home/xj/RISCV/b-ext/riscv-binutils/ld/testsuite/ld-elf/sec-to-seg.exp ...
Running /home/xj/RISCV/b-ext/riscv-binutils/ld/testsuite/ld-elf/sec64k.exp ...
Running /home/xj/RISCV/b-ext/riscv-binutils/ld/testsuite/ld-elf/shared.exp ...
Running /home/xj/RISCV/b-ext/riscv-binutils/ld/testsuite/ld-elf/tls.exp ...
Running /home/xj/RISCV/b-ext/riscv-binutils/ld/testsuite/ld-elf/tls_common.exp ...
Running /home/xj/RISCV/b-ext/riscv-binutils/ld/testsuite/ld-elf/wrap.exp ...
Running /home/xj/RISCV/b-ext/riscv-binutils/ld/testsuite/ld-elfcomm/elfcomm.exp ...
Running /home/xj/RISCV/b-ext/riscv-binutils/ld/testsuite/ld-elfvers/vers.exp ...
Running /home/xj/RISCV/b-ext/riscv-binutils/ld/testsuite/ld-elfvsb/elfvsb.exp ...
Running /home/xj/RISCV/b-ext/riscv-binutils/ld/testsuite/ld-elfweak/elfweak.exp ...
Running /home/xj/RISCV/b-ext/riscv-binutils/ld/testsuite/ld-fastcall/fastcall.exp ...
Running /home/xj/RISCV/b-ext/riscv-binutils/ld/testsuite/ld-frv/fdpic.exp ...
Running /home/xj/RISCV/b-ext/riscv-binutils/ld/testsuite/ld-frv/frv-elf.exp ...
Running /home/xj/RISCV/b-ext/riscv-binutils/ld/testsuite/ld-frv/tls.exp ...
Running /home/xj/RISCV/b-ext/riscv-binutils/ld/testsuite/ld-gc/gc.exp ...
FAIL: --gc-sections with --defsym
FAIL: --gc-sections with KEEP
FAIL: --gc-sections with __start_SECTIONNAME
Running /home/xj/RISCV/b-ext/riscv-binutils/ld/testsuite/ld-h8300/h8300.exp ...
Running /home/xj/RISCV/b-ext/riscv-binutils/ld/testsuite/ld-i386/export-class.exp ...
Running /home/xj/RISCV/b-ext/riscv-binutils/ld/testsuite/ld-i386/i386.exp ...
Running /home/xj/RISCV/b-ext/riscv-binutils/ld/testsuite/ld-i386/no-plt.exp ...
Running /home/xj/RISCV/b-ext/riscv-binutils/ld/testsuite/ld-i386/tls.exp ...
Running /home/xj/RISCV/b-ext/riscv-binutils/ld/testsuite/ld-ia64/ia64.exp ...
Running /home/xj/RISCV/b-ext/riscv-binutils/ld/testsuite/ld-ia64/line.exp ...
Running /home/xj/RISCV/b-ext/riscv-binutils/ld/testsuite/ld-ifunc/binutils.exp ...
Running /home/xj/RISCV/b-ext/riscv-binutils/ld/testsuite/ld-ifunc/ifunc.exp ...
Running /home/xj/RISCV/b-ext/riscv-binutils/ld/testsuite/ld-libs/libs.exp ...
Running /home/xj/RISCV/b-ext/riscv-binutils/ld/testsuite/ld-linkonce/linkonce.exp ...
Running /home/xj/RISCV/b-ext/riscv-binutils/ld/testsuite/ld-m68hc11/m68hc11.exp ...
Running /home/xj/RISCV/b-ext/riscv-binutils/ld/testsuite/ld-m68k/m68k-got.exp ...
Running /home/xj/RISCV/b-ext/riscv-binutils/ld/testsuite/ld-m68k/m68k.exp ...
Running /home/xj/RISCV/b-ext/riscv-binutils/ld/testsuite/ld-mep/mep.exp ...
Running /home/xj/RISCV/b-ext/riscv-binutils/ld/testsuite/ld-metag/metag.exp ...
Running /home/xj/RISCV/b-ext/riscv-binutils/ld/testsuite/ld-mips-elf/comm-data.exp ...
Running /home/xj/RISCV/b-ext/riscv-binutils/ld/testsuite/ld-mips-elf/export-class.exp ...
Running /home/xj/RISCV/b-ext/riscv-binutils/ld/testsuite/ld-mips-elf/mips-elf-flags.exp ...
Running /home/xj/RISCV/b-ext/riscv-binutils/ld/testsuite/ld-mips-elf/mips-elf.exp ...
Running /home/xj/RISCV/b-ext/riscv-binutils/ld/testsuite/ld-misc/defsym.exp ...
Running /home/xj/RISCV/b-ext/riscv-binutils/ld/testsuite/ld-misc/just-symbols.exp ...
Running /home/xj/RISCV/b-ext/riscv-binutils/ld/testsuite/ld-mmix/mmix.exp ...
Running /home/xj/RISCV/b-ext/riscv-binutils/ld/testsuite/ld-mn10300/mn10300.exp ...
Running /home/xj/RISCV/b-ext/riscv-binutils/ld/testsuite/ld-msp430-elf/msp430-elf.exp ...
Running /home/xj/RISCV/b-ext/riscv-binutils/ld/testsuite/ld-nds32/nds32.exp ...
Running /home/xj/RISCV/b-ext/riscv-binutils/ld/testsuite/ld-nios2/nios2.exp ...
Running /home/xj/RISCV/b-ext/riscv-binutils/ld/testsuite/ld-or1k/or1k.exp ...
Running /home/xj/RISCV/b-ext/riscv-binutils/ld/testsuite/ld-pdp11/pdp11.exp ...
Running /home/xj/RISCV/b-ext/riscv-binutils/ld/testsuite/ld-pe/pe-compile.exp ...
Running /home/xj/RISCV/b-ext/riscv-binutils/ld/testsuite/ld-pe/pe-run.exp ...
Running /home/xj/RISCV/b-ext/riscv-binutils/ld/testsuite/ld-pe/pe-run2.exp ...
Running /home/xj/RISCV/b-ext/riscv-binutils/ld/testsuite/ld-pe/pe.exp ...
Running /home/xj/RISCV/b-ext/riscv-binutils/ld/testsuite/ld-pie/pie.exp ...
Running /home/xj/RISCV/b-ext/riscv-binutils/ld/testsuite/ld-plugin/lto.exp ...
FAIL: ld-plugin/lto-3r
FAIL: ld-plugin/lto-5r
FAIL: LTO 5 symbol
FAIL: PR ld/19317 (2)
FAIL: LTO 3b
FAIL: LTO 5
FAIL: PR ld/19317 (3)
FAIL: Run pr24406-1
FAIL: Build pr22983
Running /home/xj/RISCV/b-ext/riscv-binutils/ld/testsuite/ld-plugin/plugin.exp ...
Running /home/xj/RISCV/b-ext/riscv-binutils/ld/testsuite/ld-powerpc/aix52.exp ...
Running /home/xj/RISCV/b-ext/riscv-binutils/ld/testsuite/ld-powerpc/export-class.exp ...
Running /home/xj/RISCV/b-ext/riscv-binutils/ld/testsuite/ld-powerpc/powerpc.exp ...
Running /home/xj/RISCV/b-ext/riscv-binutils/ld/testsuite/ld-pru/pru.exp ...
Running /home/xj/RISCV/b-ext/riscv-binutils/ld/testsuite/ld-riscv-elf/ld-riscv-elf.exp ...
Running /home/xj/RISCV/b-ext/riscv-binutils/ld/testsuite/ld-s12z/s12z.exp ...
Running /home/xj/RISCV/b-ext/riscv-binutils/ld/testsuite/ld-s390/s390.exp ...
Running /home/xj/RISCV/b-ext/riscv-binutils/ld/testsuite/ld-scripts/align.exp ...
Running /home/xj/RISCV/b-ext/riscv-binutils/ld/testsuite/ld-scripts/alignof.exp ...
Running /home/xj/RISCV/b-ext/riscv-binutils/ld/testsuite/ld-scripts/assert.exp ...
Running /home/xj/RISCV/b-ext/riscv-binutils/ld/testsuite/ld-scripts/crossref.exp ...
Running /home/xj/RISCV/b-ext/riscv-binutils/ld/testsuite/ld-scripts/data.exp ...
Running /home/xj/RISCV/b-ext/riscv-binutils/ld/testsuite/ld-scripts/default-script.exp ...
Running /home/xj/RISCV/b-ext/riscv-binutils/ld/testsuite/ld-scripts/defined.exp ...
Running /home/xj/RISCV/b-ext/riscv-binutils/ld/testsuite/ld-scripts/dynamic-sections.exp ...
Running /home/xj/RISCV/b-ext/riscv-binutils/ld/testsuite/ld-scripts/empty-address.exp ...
Running /home/xj/RISCV/b-ext/riscv-binutils/ld/testsuite/ld-scripts/empty-aligned.exp ...
Running /home/xj/RISCV/b-ext/riscv-binutils/ld/testsuite/ld-scripts/empty-orphan.exp ...
Running /home/xj/RISCV/b-ext/riscv-binutils/ld/testsuite/ld-scripts/exclude-file.exp ...
Running /home/xj/RISCV/b-ext/riscv-binutils/ld/testsuite/ld-scripts/expr.exp ...
Running /home/xj/RISCV/b-ext/riscv-binutils/ld/testsuite/ld-scripts/extern.exp ...
Running /home/xj/RISCV/b-ext/riscv-binutils/ld/testsuite/ld-scripts/include.exp ...
Running /home/xj/RISCV/b-ext/riscv-binutils/ld/testsuite/ld-scripts/log2.exp ...
Running /home/xj/RISCV/b-ext/riscv-binutils/ld/testsuite/ld-scripts/map-address.exp ...
Running /home/xj/RISCV/b-ext/riscv-binutils/ld/testsuite/ld-scripts/overlay-size.exp ...
Running /home/xj/RISCV/b-ext/riscv-binutils/ld/testsuite/ld-scripts/phdrs.exp ...
Running /home/xj/RISCV/b-ext/riscv-binutils/ld/testsuite/ld-scripts/phdrs2.exp ...
Running /home/xj/RISCV/b-ext/riscv-binutils/ld/testsuite/ld-scripts/phdrs3.exp ...
Running /home/xj/RISCV/b-ext/riscv-binutils/ld/testsuite/ld-scripts/print-memory-usage.exp ...
Running /home/xj/RISCV/b-ext/riscv-binutils/ld/testsuite/ld-scripts/provide.exp ...
Running /home/xj/RISCV/b-ext/riscv-binutils/ld/testsuite/ld-scripts/rgn-at.exp ...
Running /home/xj/RISCV/b-ext/riscv-binutils/ld/testsuite/ld-scripts/rgn-over.exp ...
Running /home/xj/RISCV/b-ext/riscv-binutils/ld/testsuite/ld-scripts/script.exp ...
Running /home/xj/RISCV/b-ext/riscv-binutils/ld/testsuite/ld-scripts/section-flags.exp ...
Running /home/xj/RISCV/b-ext/riscv-binutils/ld/testsuite/ld-scripts/section-match.exp ...
Running /home/xj/RISCV/b-ext/riscv-binutils/ld/testsuite/ld-scripts/sizeof.exp ...
Running /home/xj/RISCV/b-ext/riscv-binutils/ld/testsuite/ld-scripts/sort.exp ...
Running /home/xj/RISCV/b-ext/riscv-binutils/ld/testsuite/ld-scripts/sysroot-prefix.exp ...
Running /home/xj/RISCV/b-ext/riscv-binutils/ld/testsuite/ld-scripts/weak.exp ...
Running /home/xj/RISCV/b-ext/riscv-binutils/ld/testsuite/ld-selective/sel-dump.exp ...
Running /home/xj/RISCV/b-ext/riscv-binutils/ld/testsuite/ld-selective/selective.exp ...
Running /home/xj/RISCV/b-ext/riscv-binutils/ld/testsuite/ld-sh/arch/arch.exp ...
Running /home/xj/RISCV/b-ext/riscv-binutils/ld/testsuite/ld-sh/rd-sh.exp ...
Running /home/xj/RISCV/b-ext/riscv-binutils/ld/testsuite/ld-sh/sh-vxworks.exp ...
Running /home/xj/RISCV/b-ext/riscv-binutils/ld/testsuite/ld-sh/sh.exp ...
Running /home/xj/RISCV/b-ext/riscv-binutils/ld/testsuite/ld-shared/shared.exp ...
Running /home/xj/RISCV/b-ext/riscv-binutils/ld/testsuite/ld-size/size.exp ...
Running /home/xj/RISCV/b-ext/riscv-binutils/ld/testsuite/ld-sparc/sparc.exp ...
Running /home/xj/RISCV/b-ext/riscv-binutils/ld/testsuite/ld-spu/spu.exp ...
Running /home/xj/RISCV/b-ext/riscv-binutils/ld/testsuite/ld-srec/srec.exp ...
Running /home/xj/RISCV/b-ext/riscv-binutils/ld/testsuite/ld-tic6x/tic6x.exp ...
Running /home/xj/RISCV/b-ext/riscv-binutils/ld/testsuite/ld-tilegx/tilegx.exp ...
Running /home/xj/RISCV/b-ext/riscv-binutils/ld/testsuite/ld-tilepro/tilepro.exp ...
Running /home/xj/RISCV/b-ext/riscv-binutils/ld/testsuite/ld-undefined/entry.exp ...
Running /home/xj/RISCV/b-ext/riscv-binutils/ld/testsuite/ld-undefined/require-defined.exp ...
Running /home/xj/RISCV/b-ext/riscv-binutils/ld/testsuite/ld-undefined/undefined.exp ...
Running /home/xj/RISCV/b-ext/riscv-binutils/ld/testsuite/ld-undefined/weak-undef.exp ...
Running /home/xj/RISCV/b-ext/riscv-binutils/ld/testsuite/ld-unique/unique.exp ...
Running /home/xj/RISCV/b-ext/riscv-binutils/ld/testsuite/ld-v850/v850.exp ...
Running /home/xj/RISCV/b-ext/riscv-binutils/ld/testsuite/ld-vax-elf/export-class.exp ...
Running /home/xj/RISCV/b-ext/riscv-binutils/ld/testsuite/ld-vax-elf/vax-elf.exp ...
Running /home/xj/RISCV/b-ext/riscv-binutils/ld/testsuite/ld-visium/visium.exp ...
Running /home/xj/RISCV/b-ext/riscv-binutils/ld/testsuite/ld-vxworks/vxworks.exp ...
Running /home/xj/RISCV/b-ext/riscv-binutils/ld/testsuite/ld-x86-64/dwarfreloc.exp ...
Running /home/xj/RISCV/b-ext/riscv-binutils/ld/testsuite/ld-x86-64/export-class.exp ...
Running /home/xj/RISCV/b-ext/riscv-binutils/ld/testsuite/ld-x86-64/line.exp ...
Running /home/xj/RISCV/b-ext/riscv-binutils/ld/testsuite/ld-x86-64/mpx.exp ...
Running /home/xj/RISCV/b-ext/riscv-binutils/ld/testsuite/ld-x86-64/no-plt.exp ...
Running /home/xj/RISCV/b-ext/riscv-binutils/ld/testsuite/ld-x86-64/pe-x86-64.exp ...
Running /home/xj/RISCV/b-ext/riscv-binutils/ld/testsuite/ld-x86-64/tls.exp ...
Running /home/xj/RISCV/b-ext/riscv-binutils/ld/testsuite/ld-x86-64/x86-64.exp ...
Running /home/xj/RISCV/b-ext/riscv-binutils/ld/testsuite/ld-xc16x/xc16x.exp ...
Running /home/xj/RISCV/b-ext/riscv-binutils/ld/testsuite/ld-xstormy16/xstormy16.exp ...
Running /home/xj/RISCV/b-ext/riscv-binutils/ld/testsuite/ld-xtensa/xtensa-linux.exp ...
Running /home/xj/RISCV/b-ext/riscv-binutils/ld/testsuite/ld-xtensa/xtensa.exp ...
Running /home/xj/RISCV/b-ext/riscv-binutils/ld/testsuite/ld-z80/z80.exp ...
Running /home/xj/RISCV/b-ext/riscv-binutils/ld/testsuite/ld-z8k/z8k.exp ...

		=== ld Summary ===

# of expected passes		539
# of unexpected failures	14
# of expected failures		11
# of unsupported tests		203
./ld-new 2.36.1

make[5]: *** [Makefile:2614: check-DEJAGNU] Error 1
make[5]: Leaving directory '/home/xj/RISCV/b-ext/build_riscv64/build-binutils-newlib/ld'
make[4]: *** [Makefile:1946: check-am] Error 2
make[4]: Leaving directory '/home/xj/RISCV/b-ext/build_riscv64/build-binutils-newlib/ld'
make[3]: *** [Makefile:1815: check-recursive] Error 1
make[3]: Leaving directory '/home/xj/RISCV/b-ext/build_riscv64/build-binutils-newlib/ld'
make[2]: *** [Makefile:1948: check] Error 2
make[2]: Leaving directory '/home/xj/RISCV/b-ext/build_riscv64/build-binutils-newlib/ld'
make[1]: *** [Makefile:7267: check-ld] Error 2
make[1]: Leaving directory '/home/xj/RISCV/b-ext/build_riscv64/build-binutils-newlib'
date > stamps/check-binutils-newlib
/home/xj/RISCV/b-ext/build_riscv64/../scripts/testsuite-filter binutils newlib \
    /home/xj/RISCV/b-ext/build_riscv64/../test/allowlist \
    `find build-binutils-newlib/ -name *.sum |paste -sd "," -`
		=== ld: Unexpected fails for rv64gc_zba_zbb_zbc_zbe_zbf_zbm_zbp_zbr_zbs_zbt lp64 medlow ===
FAIL: Run pr26391-5
FAIL: Run pr26391-6

               ========= Summary of binutils testsuite =========
                            | # of unexpected case
                            |     binutils |           ld |          gas |
 rv64gc_zba_zbb_zbc_zbe_zbf_zbm_zbp_zbr_zbs_zbt/   lp64/ medlow |            0 |            2 |            0 |
make: *** [Makefile:934: report-binutils-newlib] Error 1
